

*******************************************************************************
Sun Jan 14 20:56:22 2018


FIT:    data read from 'thermometer_step-response.dat' u ($0*364./1000.-7.2):(($1-22)/76)
        format = x:z
        #datapoints = 310
        residuals are weighted equally (unit weight)

function used for fitting: f(x)
	f(x) = 1 + exp(-x/tau)
fitted parameters initialized with current variable values

iter      chisq       delta/lim  lambda   tau          
   0 3.4780744483e+06   0.00e+00  7.24e+02    1.000000e+00
  16 1.7823305833e+02  -7.23e-01  7.24e-02    1.459920e+01

After 16 iterations the fit converged.
final sum of squares of residuals : 178.233
rel. change during last iteration : -7.2293e-06

degrees of freedom    (FIT_NDF)                        : 309
rms of residuals      (FIT_STDFIT) = sqrt(WSSR/ndf)    : 0.759477
variance of residuals (reduced chisquare) = WSSR/ndf   : 0.576806

Final set of parameters            Asymptotic Standard Error
=======================            ==========================
tau             = 14.5992          +/- 2.988        (20.47%)


*******************************************************************************
Sun Jan 14 20:56:54 2018


FIT:    data read from 'thermometer_step-response.dat' u ($0*364./1000.-7.2):(($1-22)/76)
        format = x:z
        #datapoints = 310
        residuals are weighted equally (unit weight)

function used for fitting: f(x)
	f(x) = 1 - exp(-x/tau)
fitted parameters initialized with current variable values

iter      chisq       delta/lim  lambda   tau          
   0 3.2093712694e+00   0.00e+00  2.11e-01    1.459920e+01
   5 3.1735834583e+00  -3.62e-01  2.11e-06    1.525151e+01

After 5 iterations the fit converged.
final sum of squares of residuals : 3.17358
rel. change during last iteration : -3.61782e-06

degrees of freedom    (FIT_NDF)                        : 309
rms of residuals      (FIT_STDFIT) = sqrt(WSSR/ndf)    : 0.101343
variance of residuals (reduced chisquare) = WSSR/ndf   : 0.0102705

Final set of parameters            Asymptotic Standard Error
=======================            ==========================
tau             = 15.2515          +/- 0.4163       (2.73%)


*******************************************************************************
Sun Jan 14 20:58:19 2018


FIT:    data read from 'thermometer_step-response.dat' u ($0*364./1000.-7.2):(($1-22)/76)
        format = x:z
        x range restricted to [0.00000 : 100.000]
        #datapoints = 275
        residuals are weighted equally (unit weight)

function used for fitting: f(x)
	f(x) = 1 - exp(-x/tau)
fitted parameters initialized with current variable values

iter      chisq       delta/lim  lambda   tau          
   0 7.8371772285e-01   0.00e+00  1.95e-01    1.525151e+01
   4 8.4081659925e-03   0.00e+00  1.95e+03    1.135680e+01

After 4 iterations the fit converged.
final sum of squares of residuals : 0.00840817
rel. change during last iteration : 0

degrees of freedom    (FIT_NDF)                        : 274
rms of residuals      (FIT_STDFIT) = sqrt(WSSR/ndf)    : 0.00553956
variance of residuals (reduced chisquare) = WSSR/ndf   : 3.06867e-05

Final set of parameters            Asymptotic Standard Error
=======================            ==========================
tau             = 11.3568          +/- 0.02253      (0.1984%)
