

*******************************************************************************
Sun Jan 14 21:05:52 2018


FIT:    data read from 'thermometer_step-response.dat' u ($0*364./1000.-7.2):(($1-22)/76)
        format = x:z
        x range restricted to [0.00000 : 100.000]
        #datapoints = 275
        residuals are weighted equally (unit weight)

function used for fitting: f(x)
fitted parameters initialized with current variable values



*******************************************************************************
Sun Jan 14 21:06:03 2018


FIT:    data read from 'thermometer_step-response.dat' u ($0*364./1000.-7.2):(($1-22)/76)
        format = x:z
        #datapoints = 310
        residuals are weighted equally (unit weight)

function used for fitting: f(x)
	f(x) = 1 + exp(-x/tau)
fitted parameters initialized with current variable values

iter      chisq       delta/lim  lambda   tau          
   0 3.4780744483e+06   0.00e+00  7.24e+02    1.000000e+00
  16 1.7823305833e+02  -7.23e-01  7.24e-02    1.459920e+01

After 16 iterations the fit converged.
final sum of squares of residuals : 178.233
rel. change during last iteration : -7.2293e-06

degrees of freedom    (FIT_NDF)                        : 309
rms of residuals      (FIT_STDFIT) = sqrt(WSSR/ndf)    : 0.759477
variance of residuals (reduced chisquare) = WSSR/ndf   : 0.576806

Final set of parameters            Asymptotic Standard Error
=======================            ==========================
tau             = 14.5992          +/- 2.988        (20.47%)


*******************************************************************************
Sun Jan 14 21:06:10 2018


FIT:    data read from 'thermometer_step-response.dat' u ($0*364./1000.-7.2):(($1-22)/76)
        format = x:z
        x range restricted to [0.00000 : 100.000]
        #datapoints = 275
        residuals are weighted equally (unit weight)

function used for fitting: f(x)
	f(x) = 1 - exp(-x/tau)
fitted parameters initialized with current variable values

iter      chisq       delta/lim  lambda   tau          
   0 5.5904553918e-01   0.00e+00  1.91e-01    1.459920e+01
   4 8.4081660627e-03  -6.19e-11  1.91e+04    1.135682e+01

After 4 iterations the fit converged.
final sum of squares of residuals : 0.00840817
rel. change during last iteration : -6.18942e-16

degrees of freedom    (FIT_NDF)                        : 274
rms of residuals      (FIT_STDFIT) = sqrt(WSSR/ndf)    : 0.00553956
variance of residuals (reduced chisquare) = WSSR/ndf   : 3.06867e-05

Final set of parameters            Asymptotic Standard Error
=======================            ==========================
tau             = 11.3568          +/- 0.02253      (0.1984%)
